<?xml version="1.0" encoding="UTF-8"?>
<testng-results ignored="0" total="1" passed="1" failed="0" skipped="0">
  <reporter-output>
  </reporter-output>
  <suite started-at="2022-07-16T11:36:47Z" name="Default suite" finished-at="2022-07-16T11:36:58Z" duration-ms="10952">
    <groups>
    </groups>
    <test started-at="2022-07-16T11:36:47Z" name="Default test" finished-at="2022-07-16T11:36:58Z" duration-ms="10952">
      <class name="login.LoginTest">
        <test-method signature="doLogin()[pri:0, instance:login.LoginTest@1757cd72]" started-at="2022-07-16T11:36:47Z" name="doLogin" finished-at="2022-07-16T11:36:58Z" duration-ms="10930" status="PASS">
          <reporter-output>
          </reporter-output>
        </test-method> <!-- doLogin -->
      </class> <!-- login.LoginTest -->
    </test> <!-- Default test -->
  </suite> <!-- Default suite -->
</testng-results>
